mode: set
prometheus-exporter/secrets/secrets.go:9.46,11.16 2 1
prometheus-exporter/secrets/secrets.go:11.16,13.3 1 0
prometheus-exporter/secrets/secrets.go:15.2,15.45 1 1
prometheus-exporter/config/config.go:65.47,67.16 2 1
prometheus-exporter/config/config.go:67.16,69.3 1 0
prometheus-exporter/config/config.go:70.2,72.18 3 1
prometheus-exporter/metrics/metrics.go:63.13,71.2 7 1
prometheus-exporter/collectors/docker.go:12.49,13.6 1 0
prometheus-exporter/collectors/docker.go:13.6,20.17 5 0
prometheus-exporter/collectors/docker.go:20.17,23.4 2 0
prometheus-exporter/collectors/docker.go:23.9,26.4 2 0
prometheus-exporter/collectors/docker.go:28.3,30.63 2 0
prometheus-exporter/collectors/docker.go:34.47,35.27 1 0
prometheus-exporter/collectors/docker.go:35.27,37.3 1 0
prometheus-exporter/collectors/git.go:14.42,15.6 1 0
prometheus-exporter/collectors/git.go:15.6,20.22 4 0
prometheus-exporter/collectors/git.go:20.22,22.18 2 0
prometheus-exporter/collectors/git.go:22.18,26.5 2 0
prometheus-exporter/collectors/git.go:29.3,33.17 4 0
prometheus-exporter/collectors/git.go:33.17,36.4 2 0
prometheus-exporter/collectors/git.go:36.9,39.4 2 0
prometheus-exporter/collectors/git.go:41.3,42.63 2 0
prometheus-exporter/collectors/git.go:46.45,47.6 1 0
prometheus-exporter/collectors/git.go:47.6,51.22 3 0
prometheus-exporter/collectors/git.go:51.22,53.18 2 0
prometheus-exporter/collectors/git.go:53.18,55.5 1 0
prometheus-exporter/collectors/git.go:58.3,62.17 4 0
prometheus-exporter/collectors/git.go:62.17,65.4 2 0
prometheus-exporter/collectors/git.go:65.9,68.4 2 0
prometheus-exporter/collectors/git.go:70.3,70.63 1 0
prometheus-exporter/collectors/git.go:74.51,76.27 1 1
prometheus-exporter/collectors/git.go:76.27,78.3 1 1
prometheus-exporter/collectors/git.go:79.2,79.12 1 0
prometheus-exporter/collectors/git.go:82.41,83.27 1 0
prometheus-exporter/collectors/git.go:83.27,84.26 1 0
prometheus-exporter/collectors/git.go:84.26,86.4 1 0
prometheus-exporter/collectors/git.go:86.9,86.37 1 0
prometheus-exporter/collectors/git.go:86.37,88.4 1 0
prometheus-exporter/collectors/manager.go:6.45,10.2 3 0
prometheus-exporter/collectors/rest_api.go:18.44,21.21 3 0
prometheus-exporter/collectors/rest_api.go:21.21,23.17 2 0
prometheus-exporter/collectors/rest_api.go:23.17,26.4 2 0
prometheus-exporter/collectors/rest_api.go:26.9,28.4 1 0
prometheus-exporter/collectors/rest_api.go:31.2,33.6 2 0
prometheus-exporter/collectors/rest_api.go:33.6,37.23 3 0
prometheus-exporter/collectors/rest_api.go:37.23,39.4 1 0
prometheus-exporter/collectors/rest_api.go:41.3,42.17 2 0
prometheus-exporter/collectors/rest_api.go:42.17,46.12 4 0
prometheus-exporter/collectors/rest_api.go:49.3,53.59 4 0
prometheus-exporter/collectors/rest_api.go:53.59,55.4 1 0
prometheus-exporter/collectors/rest_api.go:57.3,58.17 2 0
prometheus-exporter/collectors/rest_api.go:58.17,62.12 4 0
prometheus-exporter/collectors/rest_api.go:65.3,77.63 8 0
prometheus-exporter/collectors/rest_api.go:77.63,81.4 3 0
prometheus-exporter/collectors/rest_api.go:81.9,84.8 1 0
prometheus-exporter/collectors/rest_api.go:84.8,85.12 1 0
prometheus-exporter/collectors/rest_api.go:86.21,87.66 1 0
prometheus-exporter/collectors/rest_api.go:87.66,91.22 4 0
prometheus-exporter/collectors/rest_api.go:93.20,94.21 1 0
prometheus-exporter/collectors/rest_api.go:99.3,99.15 1 0
prometheus-exporter/collectors/rest_api.go:99.15,101.4 1 0
prometheus-exporter/collectors/rest_api.go:103.3,103.63 1 0
prometheus-exporter/collectors/rest_api.go:107.103,109.22 2 1
prometheus-exporter/collectors/rest_api.go:109.22,111.3 1 0
prometheus-exporter/collectors/rest_api.go:113.2,114.16 2 1
prometheus-exporter/collectors/rest_api.go:114.16,117.3 2 0
prometheus-exporter/collectors/rest_api.go:119.2,126.14 4 1
prometheus-exporter/collectors/rest_api.go:129.46,130.27 1 0
prometheus-exporter/collectors/rest_api.go:130.27,132.3 1 0
prometheus-exporter/cmd/main.go:13.13,15.16 2 1
prometheus-exporter/cmd/main.go:15.16,17.3 1 0
prometheus-exporter/cmd/main.go:19.2,23.46 4 1
